<?xml version="1.0" encoding="UTF-8"?>
<!-- Generated by org.testng.reporters.JUnitReportReporter -->
<testsuite skipped="0" hostname="Nilmie" name="Test.Test" tests="1" failures="0" timestamp="14 Oct 2018 11:28:14 GMT" time="19.415" errors="0">
  <testcase name="test_Home_Page_Appear_Correct" time="19.415" classname="Test.Test"/>
</testsuite> <!-- Test.Test -->
